Сборка начата 07.12.2024 14:23:01.
Уровень детализации журнала: Normal.     1>Проект "D:\prog\ОАиП\Лабы\Lab17\dop3\dop3.vcxproj" в узле 2 (целевые объекты Build).
     1>PrepareForBuild:
         Структурированный вывод включен. Форматирование диагностики компилятора будет отражать иерархию ошибок. Подробнее см. https://aka.ms/cpp/structured-output.
         Создание каталога "x64\Debug\dop3.tlog\".
       InitializeBuildStatus:
         Создание "x64\Debug\dop3.tlog\unsuccessfulbuild", так как было задано "AlwaysCreate".
         Обращение к "x64\Debug\dop3.tlog\unsuccessfulbuild".
       ClCompile:
         C:\Program Files\Microsoft Visual Studio\2022\Community\VC\Tools\MSVC\14.42.34433\bin\HostX64\x64\CL.exe /c /ZI /JMC /nologo /W3 /WX- /diagnostics:column /sdl /Od /D _DEBUG /D _CONSOLE /D _UNICODE /D UNICODE /Gm- /EHsc /RTC1 /MDd /GS /fp:precise /Zc:wchar_t /Zc:forScope /Zc:inline /permissive- /Fo"x64\Debug\\" /Fd"x64\Debug\vc143.pdb" /external:W3 /Gd /TP /FC /errorReport:prompt dop3.cpp
         dop3.cpp
     1>D:\prog\ОАиП\Лабы\Lab17\dop3\dop3.cpp(22,1): warning C4172: возвращаемый адрес локальной переменной или временного : row
     1>D:\prog\ОАиП\Лабы\Lab17\dop3\dop3.cpp(10,1): warning C4172: возвращаемый адрес локальной переменной или временного : sum
       Link:
         C:\Program Files\Microsoft Visual Studio\2022\Community\VC\Tools\MSVC\14.42.34433\bin\HostX64\x64\link.exe /ERRORREPORT:PROMPT /OUT:"D:\prog\ОАиП\Лабы\Lab17\x64\Debug\dop3.exe" /INCREMENTAL /ILK:"x64\Debug\dop3.ilk" /NOLOGO kernel32.lib user32.lib gdi32.lib winspool.lib comdlg32.lib advapi32.lib shell32.lib ole32.lib oleaut32.lib uuid.lib odbc32.lib odbccp32.lib /MANIFEST /MANIFESTUAC:"level='asInvoker' uiAccess='false'" /manifest:embed /DEBUG /PDB:"D:\prog\ОАиП\Лабы\Lab17\x64\Debug\dop3.pdb" /SUBSYSTEM:CONSOLE /TLBID:1 /DYNAMICBASE /NXCOMPAT /IMPLIB:"D:\prog\ОАиП\Лабы\Lab17\x64\Debug\dop3.lib" /MACHINE:X64 x64\Debug\dop3.obj
         dop3.vcxproj -> D:\prog\ОАиП\Лабы\Lab17\x64\Debug\dop3.exe
       FinalizeBuildStatus:
         Файл "x64\Debug\dop3.tlog\unsuccessfulbuild" удаляется.
         Обращение к "x64\Debug\dop3.tlog\dop3.lastbuildstate".
     1>Сборка проекта "D:\prog\ОАиП\Лабы\Lab17\dop3\dop3.vcxproj" завершена (целевые объекты Build).

Сборка успешно завершена.

       "D:\prog\ОАиП\Лабы\Lab17\dop3\dop3.vcxproj" (целевой объект Build ) (1) ->
       (Целевой объект ClCompile) -> 
         D:\prog\ОАиП\Лабы\Lab17\dop3\dop3.cpp(22,1): warning C4172: возвращаемый адрес локальной переменной или временного : row
         D:\prog\ОАиП\Лабы\Lab17\dop3\dop3.cpp(10,1): warning C4172: возвращаемый адрес локальной переменной или временного : sum

    Предупреждений: 2
    Ошибок: 0

Прошло времени 00:00:01.09
