Сборка начата 07.12.2024 14:06:00.
Уровень детализации журнала: Normal.     1>Проект "D:\prog\ОАиП\Лабы\Lab17\num5\num5.vcxproj" в узле 2 (целевые объекты Build).
     1>PrepareForBuild:
         Структурированный вывод включен. Форматирование диагностики компилятора будет отражать иерархию ошибок. Подробнее см. https://aka.ms/cpp/structured-output.
       InitializeBuildStatus:
         Создание "x64\Debug\num5.tlog\unsuccessfulbuild", так как было задано "AlwaysCreate".
         Обращение к "x64\Debug\num5.tlog\unsuccessfulbuild".
       ClCompile:
         C:\Program Files\Microsoft Visual Studio\2022\Community\VC\Tools\MSVC\14.42.34433\bin\HostX64\x64\CL.exe /c /ZI /JMC /nologo /W3 /WX- /diagnostics:column /sdl /Od /D _DEBUG /D _CONSOLE /D _UNICODE /D UNICODE /Gm- /EHsc /RTC1 /MDd /GS /fp:precise /Zc:wchar_t /Zc:forScope /Zc:inline /permissive- /Fo"x64\Debug\\" /Fd"x64\Debug\vc143.pdb" /external:W3 /Gd /TP /FC /errorReport:prompt num5.cpp
         num5.cpp
     1>D:\prog\ОАиП\Лабы\Lab17\num5\num5.cpp(16,1): warning C4172: возвращаемый адрес локальной переменной или временного : sum
       Link:
         C:\Program Files\Microsoft Visual Studio\2022\Community\VC\Tools\MSVC\14.42.34433\bin\HostX64\x64\link.exe /ERRORREPORT:PROMPT /OUT:"D:\prog\ОАиП\Лабы\Lab17\x64\Debug\num5.exe" /INCREMENTAL /ILK:"x64\Debug\num5.ilk" /NOLOGO kernel32.lib user32.lib gdi32.lib winspool.lib comdlg32.lib advapi32.lib shell32.lib ole32.lib oleaut32.lib uuid.lib odbc32.lib odbccp32.lib /MANIFEST /MANIFESTUAC:"level='asInvoker' uiAccess='false'" /manifest:embed /DEBUG /PDB:"D:\prog\ОАиП\Лабы\Lab17\x64\Debug\num5.pdb" /SUBSYSTEM:CONSOLE /TLBID:1 /DYNAMICBASE /NXCOMPAT /IMPLIB:"D:\prog\ОАиП\Лабы\Lab17\x64\Debug\num5.lib" /MACHINE:X64 x64\Debug\num5.obj
         num5.vcxproj -> D:\prog\ОАиП\Лабы\Lab17\x64\Debug\num5.exe
       FinalizeBuildStatus:
         Файл "x64\Debug\num5.tlog\unsuccessfulbuild" удаляется.
         Обращение к "x64\Debug\num5.tlog\num5.lastbuildstate".
     1>Сборка проекта "D:\prog\ОАиП\Лабы\Lab17\num5\num5.vcxproj" завершена (целевые объекты Build).

Сборка успешно завершена.

       "D:\prog\ОАиП\Лабы\Lab17\num5\num5.vcxproj" (целевой объект Build ) (1) ->
       (Целевой объект ClCompile) -> 
         D:\prog\ОАиП\Лабы\Lab17\num5\num5.cpp(16,1): warning C4172: возвращаемый адрес локальной переменной или временного : sum

    Предупреждений: 1
    Ошибок: 0

Прошло времени 00:00:00.94
